<?xml version="1.0" encoding="UTF-8"?>
<!-- Generated by org.testng.reporters.JUnitReportReporter -->
<testsuite hostname="DESKTOP-H00KT5A" failures="0" tests="1" name="WebEleMethods.textbox_exe" time="0.337" errors="0" timestamp="21 Oct 2023 12:22:45 GMT" skipped="0">
  <testcase classname="WebEleMethods.textbox_exe" name="gender_op" time="0.337"/>
</testsuite> <!-- WebEleMethods.textbox_exe -->
